# JRE version: OpenJDK Runtime Environment Temurin-21.0.8+9 (21.0.8+9) (build 21.0.8+9-LTS)
# Java VM: OpenJDK 64-Bit Server VM Temurin-21.0.8+9 (21.0.8+9-LTS, mixed mode, sharing, tiered, compressed oops, compressed class ptrs, parallel gc, windows-amd64)
GC Precious Log:
 CardTable entry size: 512
 CPUs: 16 total, 16 available
 Memory: 7876M
 Large Page Support: Disabled
 NUMA Support: Disabled
 Compressed Oops: Enabled (32-bit)
 Alignments: Space 512K, Generation 512K, Heap 2M
 Heap Min Capacity: 100M
 Heap Initial Capacity: 100M
 Heap Max Capacity: 2G
 Pre-touch: Disabled
 Parallel Workers: 13
Heap:
 PSYoungGen      total 10752K, used 6450K [0x00000000d5580000, 0x00000000d6100000, 0x0000000100000000)
  eden space 9728K, 57% used [0x00000000d5580000,0x00000000d5af4a70,0x00000000d5f00000)
  from space 1024K, 84% used [0x00000000d5f00000,0x00000000d5fd8000,0x00000000d6000000)
  to   space 1024K, 0% used [0x00000000d6000000,0x00000000d6000000,0x00000000d6100000)
 ParOldGen       total 1095680K, used 1095489K [0x0000000080000000, 0x00000000c2e00000, 0x00000000d5580000)
  object space 1095680K, 99% used [0x0000000080000000,0x00000000c2dd0670,0x00000000c2e00000)
 Metaspace       used 77417K, committed 78976K, reserved 1179648K
  class space    used 8362K, committed 9024K, reserved 1048576K
GC Heap History (20 events):
Event: 185.932 GC heap before
{Heap before GC invocations=2158 (full 4):
 PSYoungGen      total 11264K, used 11136K [0x00000000d5580000, 0x00000000d6200000, 0x0000000100000000)
  eden space 9728K, 100% used [0x00000000d5580000,0x00000000d5f00000,0x00000000d5f00000)
  from space 1536K, 91% used [0x00000000d5f00000,0x00000000d6060000,0x00000000d6080000)
  to   space 1536K, 0% used [0x00000000d6080000,0x00000000d6080000,0x00000000d6200000)
 ParOldGen       total 1081856K, used 1081477K [0x0000000080000000, 0x00000000c2080000, 0x00000000d5580000)
  object space 1081856K, 99% used [0x0000000080000000,0x00000000c20214c0,0x00000000c2080000)
 Metaspace       used 77417K, committed 78976K, reserved 1179648K
  class space    used 8362K, committed 9024K, reserved 1048576K
}
Event: 185.935 GC heap after
{Heap after GC invocations=2158 (full 4):
 PSYoungGen      total 11264K, used 1248K [0x00000000d5580000, 0x00000000d6200000, 0x0000000100000000)
  eden space 9728K, 0% used [0x00000000d5580000,0x00000000d5580000,0x00000000d5f00000)
  from space 1536K, 81% used [0x00000000d6080000,0x00000000d61b8000,0x00000000d6200000)
  to   space 1536K, 0% used [0x00000000d5f00000,0x00000000d5f00000,0x00000000d6080000)
 ParOldGen       total 1082880K, used 1082653K [0x0000000080000000, 0x00000000c2180000, 0x00000000d5580000)
  object space 1082880K, 99% used [0x0000000080000000,0x00000000c21474c0,0x00000000c2180000)
 Metaspace       used 77417K, committed 78976K, reserved 1179648K
  class space    used 8362K, committed 9024K, reserved 1048576K
}
Event: 185.958 GC heap before
{Heap before GC invocations=2159 (full 4):
 PSYoungGen      total 11264K, used 10976K [0x00000000d5580000, 0x00000000d6200000, 0x0000000100000000)
  eden space 9728K, 100% used [0x00000000d5580000,0x00000000d5f00000,0x00000000d5f00000)
  from space 1536K, 81% used [0x00000000d6080000,0x00000000d61b8000,0x00000000d6200000)
  to   space 1536K, 0% used [0x00000000d5f00000,0x00000000d5f00000,0x00000000d6080000)
 ParOldGen       total 1082880K, used 1082653K [0x0000000080000000, 0x00000000c2180000, 0x00000000d5580000)
  object space 1082880K, 99% used [0x0000000080000000,0x00000000c21474c0,0x00000000c2180000)
 Metaspace       used 77417K, committed 78976K, reserved 1179648K
  class space    used 8362K, committed 9024K, reserved 1048576K
}
Event: 185.961 GC heap after
{Heap after GC invocations=2159 (full 4):
 PSYoungGen      total 11264K, used 1216K [0x00000000d5580000, 0x00000000d6200000, 0x0000000100000000)
  eden space 9728K, 0% used [0x00000000d5580000,0x00000000d5580000,0x00000000d5f00000)
  from space 1536K, 79% used [0x00000000d5f00000,0x00000000d6030000,0x00000000d6080000)
  to   space 1536K, 0% used [0x00000000d6080000,0x00000000d6080000,0x00000000d6200000)
 ParOldGen       total 1083904K, used 1083677K [0x0000000080000000, 0x00000000c2280000, 0x00000000d5580000)
  object space 1083904K, 99% used [0x0000000080000000,0x00000000c22474c0,0x00000000c2280000)
 Metaspace       used 77417K, committed 78976K, reserved 1179648K
  class space    used 8362K, committed 9024K, reserved 1048576K
}
Event: 185.982 GC heap before
{Heap before GC invocations=2160 (full 4):
 PSYoungGen      total 11264K, used 10944K [0x00000000d5580000, 0x00000000d6200000, 0x0000000100000000)
  eden space 9728K, 100% used [0x00000000d5580000,0x00000000d5f00000,0x00000000d5f00000)
  from space 1536K, 79% used [0x00000000d5f00000,0x00000000d6030000,0x00000000d6080000)
  to   space 1536K, 0% used [0x00000000d6080000,0x00000000d6080000,0x00000000d6200000)
 ParOldGen       total 1083904K, used 1083677K [0x0000000080000000, 0x00000000c2280000, 0x00000000d5580000)
  object space 1083904K, 99% used [0x0000000080000000,0x00000000c22474c0,0x00000000c2280000)
 Metaspace       used 77417K, committed 78976K, reserved 1179648K
  class space    used 8362K, committed 9024K, reserved 1048576K
}
Event: 185.985 GC heap after
{Heap after GC invocations=2160 (full 4):
 PSYoungGen      total 11264K, used 1248K [0x00000000d5580000, 0x00000000d6200000, 0x0000000100000000)
  eden space 9728K, 0% used [0x00000000d5580000,0x00000000d5580000,0x00000000d5f00000)
  from space 1536K, 81% used [0x00000000d6080000,0x00000000d61b8000,0x00000000d6200000)
  to   space 1536K, 0% used [0x00000000d5f00000,0x00000000d5f00000,0x00000000d6080000)
 ParOldGen       total 1084928K, used 1084749K [0x0000000080000000, 0x00000000c2380000, 0x00000000d5580000)
  object space 1084928K, 99% used [0x0000000080000000,0x00000000c23534c0,0x00000000c2380000)
 Metaspace       used 77417K, committed 78976K, reserved 1179648K
  class space    used 8362K, committed 9024K, reserved 1048576K
}
Event: 186.008 GC heap before
{Heap before GC invocations=2161 (full 4):
 PSYoungGen      total 11264K, used 10976K [0x00000000d5580000, 0x00000000d6200000, 0x0000000100000000)
  eden space 9728K, 100% used [0x00000000d5580000,0x00000000d5f00000,0x00000000d5f00000)
  from space 1536K, 81% used [0x00000000d6080000,0x00000000d61b8000,0x00000000d6200000)
  to   space 1536K, 0% used [0x00000000d5f00000,0x00000000d5f00000,0x00000000d6080000)
 ParOldGen       total 1084928K, used 1084749K [0x0000000080000000, 0x00000000c2380000, 0x00000000d5580000)
  object space 1084928K, 99% used [0x0000000080000000,0x00000000c23534c0,0x00000000c2380000)
 Metaspace       used 77417K, committed 78976K, reserved 1179648K
  class space    used 8362K, committed 9024K, reserved 1048576K
}
Event: 186.012 GC heap after
{Heap after GC invocations=2161 (full 4):
 PSYoungGen      total 11264K, used 1280K [0x00000000d5580000, 0x00000000d6200000, 0x0000000100000000)
  eden space 9728K, 0% used [0x00000000d5580000,0x00000000d5580000,0x00000000d5f00000)
  from space 1536K, 83% used [0x00000000d5f00000,0x00000000d6040000,0x00000000d6080000)
  to   space 1536K, 0% used [0x00000000d6080000,0x00000000d6080000,0x00000000d6200000)
 ParOldGen       total 1085952K, used 1085789K [0x0000000080000000, 0x00000000c2480000, 0x00000000d5580000)
  object space 1085952K, 99% used [0x0000000080000000,0x00000000c24574c0,0x00000000c2480000)
 Metaspace       used 77417K, committed 78976K, reserved 1179648K
  class space    used 8362K, committed 9024K, reserved 1048576K
}
Event: 186.036 GC heap before
{Heap before GC invocations=2162 (full 4):
 PSYoungGen      total 11264K, used 11008K [0x00000000d5580000, 0x00000000d6200000, 0x0000000100000000)
  eden space 9728K, 100% used [0x00000000d5580000,0x00000000d5f00000,0x00000000d5f00000)
  from space 1536K, 83% used [0x00000000d5f00000,0x00000000d6040000,0x00000000d6080000)
  to   space 1536K, 0% used [0x00000000d6080000,0x00000000d6080000,0x00000000d6200000)
 ParOldGen       total 1085952K, used 1085789K [0x0000000080000000, 0x00000000c2480000, 0x00000000d5580000)
  object space 1085952K, 99% used [0x0000000080000000,0x00000000c24574c0,0x00000000c2480000)
 Metaspace       used 77417K, committed 78976K, reserved 1179648K
  class space    used 8362K, committed 9024K, reserved 1048576K
}
Event: 186.040 GC heap after
{Heap after GC invocations=2162 (full 4):
 PSYoungGen      total 11264K, used 1248K [0x00000000d5580000, 0x00000000d6200000, 0x0000000100000000)
  eden space 9728K, 0% used [0x00000000d5580000,0x00000000d5580000,0x00000000d5f00000)
  from space 1536K, 81% used [0x00000000d6080000,0x00000000d61b8000,0x00000000d6200000)
  to   space 1536K, 0% used [0x00000000d5f00000,0x00000000d5f00000,0x00000000d6080000)
 ParOldGen       total 1086976K, used 1086877K [0x0000000080000000, 0x00000000c2580000, 0x00000000d5580000)
  object space 1086976K, 99% used [0x0000000080000000,0x00000000c25674c0,0x00000000c2580000)
 Metaspace       used 77417K, committed 78976K, reserved 1179648K
  class space    used 8362K, committed 9024K, reserved 1048576K
}
Event: 186.062 GC heap before
{Heap before GC invocations=2163 (full 4):
 PSYoungGen      total 11264K, used 10971K [0x00000000d5580000, 0x00000000d6200000, 0x0000000100000000)
  eden space 9728K, 99% used [0x00000000d5580000,0x00000000d5efee78,0x00000000d5f00000)
  from space 1536K, 81% used [0x00000000d6080000,0x00000000d61b8000,0x00000000d6200000)
  to   space 1536K, 0% used [0x00000000d5f00000,0x00000000d5f00000,0x00000000d6080000)
 ParOldGen       total 1086976K, used 1086877K [0x0000000080000000, 0x00000000c2580000, 0x00000000d5580000)
  object space 1086976K, 99% used [0x0000000080000000,0x00000000c25674c0,0x00000000c2580000)
 Metaspace       used 77417K, committed 78976K, reserved 1179648K
  class space    used 8362K, committed 9024K, reserved 1048576K
}
Event: 186.065 GC heap after
{Heap after GC invocations=2163 (full 4):
 PSYoungGen      total 11264K, used 1312K [0x00000000d5580000, 0x00000000d6200000, 0x0000000100000000)
  eden space 9728K, 0% used [0x00000000d5580000,0x00000000d5580000,0x00000000d5f00000)
  from space 1536K, 85% used [0x00000000d5f00000,0x00000000d6048000,0x00000000d6080000)
  to   space 1536K, 0% used [0x00000000d6080000,0x00000000d6080000,0x00000000d6200000)
 ParOldGen       total 1088000K, used 1087917K [0x0000000080000000, 0x00000000c2680000, 0x00000000d5580000)
  object space 1088000K, 99% used [0x0000000080000000,0x00000000c266b4c0,0x00000000c2680000)
 Metaspace       used 77417K, committed 78976K, reserved 1179648K
  class space    used 8362K, committed 9024K, reserved 1048576K
}
Event: 186.094 GC heap before
{Heap before GC invocations=2164 (full 4):
 PSYoungGen      total 11264K, used 11040K [0x00000000d5580000, 0x00000000d6200000, 0x0000000100000000)
  eden space 9728K, 100% used [0x00000000d5580000,0x00000000d5f00000,0x00000000d5f00000)
  from space 1536K, 85% used [0x00000000d5f00000,0x00000000d6048000,0x00000000d6080000)
  to   space 1536K, 0% used [0x00000000d6080000,0x00000000d6080000,0x00000000d6200000)
 ParOldGen       total 1088000K, used 1087917K [0x0000000080000000, 0x00000000c2680000, 0x00000000d5580000)
  object space 1088000K, 99% used [0x0000000080000000,0x00000000c266b4c0,0x00000000c2680000)
 Metaspace       used 77417K, committed 78976K, reserved 1179648K
  class space    used 8362K, committed 9024K, reserved 1048576K
}
Event: 186.097 GC heap after
{Heap after GC invocations=2164 (full 4):
 PSYoungGen      total 11264K, used 1312K [0x00000000d5580000, 0x00000000d6200000, 0x0000000100000000)
  eden space 9728K, 0% used [0x00000000d5580000,0x00000000d5580000,0x00000000d5f00000)
  from space 1536K, 85% used [0x00000000d6080000,0x00000000d61c8000,0x00000000d6200000)
  to   space 1536K, 0% used [0x00000000d5f00000,0x00000000d5f00000,0x00000000d6080000)
 ParOldGen       total 1089024K, used 1089005K [0x0000000080000000, 0x00000000c2780000, 0x00000000d5580000)
  object space 1089024K, 99% used [0x0000000080000000,0x00000000c277b4c0,0x00000000c2780000)
 Metaspace       used 77417K, committed 78976K, reserved 1179648K
  class space    used 8362K, committed 9024K, reserved 1048576K
}
Event: 186.130 GC heap before
{Heap before GC invocations=2165 (full 4):
 PSYoungGen      total 11264K, used 11040K [0x00000000d5580000, 0x00000000d6200000, 0x0000000100000000)
  eden space 9728K, 100% used [0x00000000d5580000,0x00000000d5f00000,0x00000000d5f00000)
  from space 1536K, 85% used [0x00000000d6080000,0x00000000d61c8000,0x00000000d6200000)
  to   space 1536K, 0% used [0x00000000d5f00000,0x00000000d5f00000,0x00000000d6080000)
 ParOldGen       total 1089024K, used 1089005K [0x0000000080000000, 0x00000000c2780000, 0x00000000d5580000)
  object space 1089024K, 99% used [0x0000000080000000,0x00000000c277b4c0,0x00000000c2780000)
 Metaspace       used 77417K, committed 78976K, reserved 1179648K
  class space    used 8362K, committed 9024K, reserved 1048576K
}
Event: 186.133 GC heap after
{Heap after GC invocations=2165 (full 4):
 PSYoungGen      total 11264K, used 1184K [0x00000000d5580000, 0x00000000d6200000, 0x0000000100000000)
  eden space 9728K, 0% used [0x00000000d5580000,0x00000000d5580000,0x00000000d5f00000)
  from space 1536K, 77% used [0x00000000d5f00000,0x00000000d6028000,0x00000000d6080000)
  to   space 1536K, 0% used [0x00000000d6080000,0x00000000d6080000,0x00000000d6200000)
 ParOldGen       total 1090560K, used 1090109K [0x0000000080000000, 0x00000000c2900000, 0x00000000d5580000)
  object space 1090560K, 99% used [0x0000000080000000,0x00000000c288f4c0,0x00000000c2900000)
 Metaspace       used 77417K, committed 78976K, reserved 1179648K
  class space    used 8362K, committed 9024K, reserved 1048576K
}
Event: 186.155 GC heap before
{Heap before GC invocations=2166 (full 4):
 PSYoungGen      total 11264K, used 10912K [0x00000000d5580000, 0x00000000d6200000, 0x0000000100000000)
  eden space 9728K, 100% used [0x00000000d5580000,0x00000000d5f00000,0x00000000d5f00000)
  from space 1536K, 77% used [0x00000000d5f00000,0x00000000d6028000,0x00000000d6080000)
  to   space 1536K, 0% used [0x00000000d6080000,0x00000000d6080000,0x00000000d6200000)
 ParOldGen       total 1090560K, used 1090109K [0x0000000080000000, 0x00000000c2900000, 0x00000000d5580000)
  object space 1090560K, 99% used [0x0000000080000000,0x00000000c288f4c0,0x00000000c2900000)
 Metaspace       used 77417K, committed 78976K, reserved 1179648K
  class space    used 8362K, committed 9024K, reserved 1048576K
}
Event: 186.158 GC heap after
{Heap after GC invocations=2166 (full 4):
 PSYoungGen      total 11264K, used 1207K [0x00000000d5580000, 0x00000000d6200000, 0x0000000100000000)
  eden space 9728K, 0% used [0x00000000d5580000,0x00000000d5580000,0x00000000d5f00000)
  from space 1536K, 78% used [0x00000000d6080000,0x00000000d61add00,0x00000000d6200000)
  to   space 1536K, 0% used [0x00000000d5f00000,0x00000000d5f00000,0x00000000d6080000)
 ParOldGen       total 1091584K, used 1091109K [0x0000000080000000, 0x00000000c2a00000, 0x00000000d5580000)
  object space 1091584K, 99% used [0x0000000080000000,0x00000000c29894c0,0x00000000c2a00000)
 Metaspace       used 77417K, committed 78976K, reserved 1179648K
  class space    used 8362K, committed 9024K, reserved 1048576K
}
Event: 186.183 GC heap before
{Heap before GC invocations=2167 (full 4):
 PSYoungGen      total 11264K, used 10935K [0x00000000d5580000, 0x00000000d6200000, 0x0000000100000000)
  eden space 9728K, 100% used [0x00000000d5580000,0x00000000d5f00000,0x00000000d5f00000)
  from space 1536K, 78% used [0x00000000d6080000,0x00000000d61add00,0x00000000d6200000)
  to   space 1536K, 0% used [0x00000000d5f00000,0x00000000d5f00000,0x00000000d6080000)
 ParOldGen       total 1091584K, used 1091109K [0x0000000080000000, 0x00000000c2a00000, 0x00000000d5580000)
  object space 1091584K, 99% used [0x0000000080000000,0x00000000c29894c0,0x00000000c2a00000)
 Metaspace       used 77417K, committed 78976K, reserved 1179648K
  class space    used 8362K, committed 9024K, reserved 1048576K
}
Event: 186.186 GC heap after
{Heap after GC invocations=2167 (full 4):
 PSYoungGen      total 11264K, used 1216K [0x00000000d5580000, 0x00000000d6200000, 0x0000000100000000)
  eden space 9728K, 0% used [0x00000000d5580000,0x00000000d5580000,0x00000000d5f00000)
  from space 1536K, 79% used [0x00000000d5f00000,0x00000000d6030000,0x00000000d6080000)
  to   space 1536K, 0% used [0x00000000d6080000,0x00000000d6080000,0x00000000d6200000)
 ParOldGen       total 1092096K, used 1091965K [0x0000000080000000, 0x00000000c2a80000, 0x00000000d5580000)
  object space 1092096K, 99% used [0x0000000080000000,0x00000000c2a5f4c0,0x00000000c2a80000)
 Metaspace       used 77417K, committed 78976K, reserved 1179648K
  class space    used 8362K, committed 9024K, reserved 1048576K
}

